mode: set
github.com/tesserato/CodeWeaver/main.go:51.13,55.16 2 0
github.com/tesserato/CodeWeaver/main.go:55.16,61.36 2 0
github.com/tesserato/CodeWeaver/main.go:61.36,63.4 1 0
github.com/tesserato/CodeWeaver/main.go:64.3,64.13 1 0
github.com/tesserato/CodeWeaver/main.go:66.2,66.34 1 0
github.com/tesserato/CodeWeaver/main.go:66.34,68.95 2 0
github.com/tesserato/CodeWeaver/main.go:68.95,71.4 2 0
github.com/tesserato/CodeWeaver/main.go:74.2,74.21 1 0
github.com/tesserato/CodeWeaver/main.go:74.21,77.3 2 0
github.com/tesserato/CodeWeaver/main.go:81.2,85.16 3 0
github.com/tesserato/CodeWeaver/main.go:85.16,87.3 1 0
github.com/tesserato/CodeWeaver/main.go:90.2,91.16 2 0
github.com/tesserato/CodeWeaver/main.go:91.16,93.3 1 0
github.com/tesserato/CodeWeaver/main.go:96.2,97.16 2 0
github.com/tesserato/CodeWeaver/main.go:97.16,99.3 1 0
github.com/tesserato/CodeWeaver/main.go:101.2,101.80 1 0
github.com/tesserato/CodeWeaver/main.go:122.36,140.22 11 0
github.com/tesserato/CodeWeaver/main.go:140.22,143.3 2 0
github.com/tesserato/CodeWeaver/main.go:146.2,149.21 2 0
github.com/tesserato/CodeWeaver/main.go:149.21,152.3 1 0
github.com/tesserato/CodeWeaver/main.go:155.2,157.16 3 0
github.com/tesserato/CodeWeaver/main.go:157.16,159.3 1 0
github.com/tesserato/CodeWeaver/main.go:161.2,162.16 2 0
github.com/tesserato/CodeWeaver/main.go:162.16,163.25 1 0
github.com/tesserato/CodeWeaver/main.go:163.25,165.4 1 0
github.com/tesserato/CodeWeaver/main.go:166.3,166.91 1 0
github.com/tesserato/CodeWeaver/main.go:168.2,168.19 1 0
github.com/tesserato/CodeWeaver/main.go:168.19,170.3 1 0
github.com/tesserato/CodeWeaver/main.go:172.2,172.22 1 0
github.com/tesserato/CodeWeaver/main.go:172.22,174.3 1 0
github.com/tesserato/CodeWeaver/main.go:175.2,175.23 1 0
github.com/tesserato/CodeWeaver/main.go:175.23,177.3 1 0
github.com/tesserato/CodeWeaver/main.go:179.2,179.17 1 0
github.com/tesserato/CodeWeaver/main.go:183.44,188.33 5 0
github.com/tesserato/CodeWeaver/main.go:188.33,190.3 1 0
github.com/tesserato/CodeWeaver/main.go:191.2,191.33 1 0
github.com/tesserato/CodeWeaver/main.go:191.33,193.3 1 0
github.com/tesserato/CodeWeaver/main.go:194.2,194.24 1 0
github.com/tesserato/CodeWeaver/main.go:194.24,196.3 1 0
github.com/tesserato/CodeWeaver/main.go:197.2,198.15 2 0
github.com/tesserato/CodeWeaver/main.go:202.118,205.16 3 1
github.com/tesserato/CodeWeaver/main.go:205.16,207.3 1 1
github.com/tesserato/CodeWeaver/main.go:209.2,211.16 3 1
github.com/tesserato/CodeWeaver/main.go:211.16,213.3 1 1
github.com/tesserato/CodeWeaver/main.go:214.2,215.29 2 1
github.com/tesserato/CodeWeaver/main.go:219.110,220.24 1 1
github.com/tesserato/CodeWeaver/main.go:220.24,223.3 2 1
github.com/tesserato/CodeWeaver/main.go:224.2,226.29 3 1
github.com/tesserato/CodeWeaver/main.go:226.29,228.27 2 1
github.com/tesserato/CodeWeaver/main.go:228.27,229.12 1 0
github.com/tesserato/CodeWeaver/main.go:231.3,233.17 3 1
github.com/tesserato/CodeWeaver/main.go:233.17,236.4 1 1
github.com/tesserato/CodeWeaver/main.go:237.3,238.20 2 1
github.com/tesserato/CodeWeaver/main.go:240.2,240.17 1 1
github.com/tesserato/CodeWeaver/main.go:240.17,243.3 2 0
github.com/tesserato/CodeWeaver/main.go:244.2,244.30 1 1
github.com/tesserato/CodeWeaver/main.go:250.142,259.16 7 1
github.com/tesserato/CodeWeaver/main.go:259.16,261.3 1 0
github.com/tesserato/CodeWeaver/main.go:262.2,270.16 7 1
github.com/tesserato/CodeWeaver/main.go:270.16,272.3 1 0
github.com/tesserato/CodeWeaver/main.go:273.2,276.68 3 1
github.com/tesserato/CodeWeaver/main.go:289.104,296.2 1 1
github.com/tesserato/CodeWeaver/main.go:298.58,301.2 2 1
github.com/tesserato/CodeWeaver/main.go:303.83,305.16 2 1
github.com/tesserato/CodeWeaver/main.go:305.16,307.3 1 0
github.com/tesserato/CodeWeaver/main.go:309.2,310.32 2 1
github.com/tesserato/CodeWeaver/main.go:310.32,313.17 3 1
github.com/tesserato/CodeWeaver/main.go:313.17,315.4 1 0
github.com/tesserato/CodeWeaver/main.go:316.3,316.75 1 1
github.com/tesserato/CodeWeaver/main.go:316.75,318.4 1 1
github.com/tesserato/CodeWeaver/main.go:321.2,321.50 1 1
github.com/tesserato/CodeWeaver/main.go:321.50,323.3 1 1
github.com/tesserato/CodeWeaver/main.go:325.2,325.40 1 1
github.com/tesserato/CodeWeaver/main.go:325.40,329.20 3 1
github.com/tesserato/CodeWeaver/main.go:329.20,332.18 3 1
github.com/tesserato/CodeWeaver/main.go:332.18,334.5 1 0
github.com/tesserato/CodeWeaver/main.go:337.2,337.12 1 1
github.com/tesserato/CodeWeaver/main.go:340.82,342.29 2 1
github.com/tesserato/CodeWeaver/main.go:342.29,343.22 1 1
github.com/tesserato/CodeWeaver/main.go:343.22,345.4 1 1
github.com/tesserato/CodeWeaver/main.go:345.9,347.4 1 1
github.com/tesserato/CodeWeaver/main.go:349.2,349.12 1 1
github.com/tesserato/CodeWeaver/main.go:349.12,351.3 1 1
github.com/tesserato/CodeWeaver/main.go:351.8,353.3 1 1
github.com/tesserato/CodeWeaver/main.go:354.2,356.29 3 1
github.com/tesserato/CodeWeaver/main.go:359.73,361.16 2 1
github.com/tesserato/CodeWeaver/main.go:361.16,363.3 1 0
github.com/tesserato/CodeWeaver/main.go:364.2,364.46 1 1
github.com/tesserato/CodeWeaver/main.go:378.199,387.2 1 1
github.com/tesserato/CodeWeaver/main.go:389.124,392.111 2 1
github.com/tesserato/CodeWeaver/main.go:392.111,393.21 1 1
github.com/tesserato/CodeWeaver/main.go:393.21,395.69 2 0
github.com/tesserato/CodeWeaver/main.go:395.69,397.5 1 0
github.com/tesserato/CodeWeaver/main.go:398.4,398.18 1 0
github.com/tesserato/CodeWeaver/main.go:401.3,402.20 2 1
github.com/tesserato/CodeWeaver/main.go:402.20,405.4 2 0
github.com/tesserato/CodeWeaver/main.go:406.3,408.28 2 1
github.com/tesserato/CodeWeaver/main.go:408.28,410.4 1 1
github.com/tesserato/CodeWeaver/main.go:412.3,414.15 2 1
github.com/tesserato/CodeWeaver/main.go:414.15,415.34 1 1
github.com/tesserato/CodeWeaver/main.go:415.34,417.5 1 1
github.com/tesserato/CodeWeaver/main.go:418.4,419.14 2 1
github.com/tesserato/CodeWeaver/main.go:422.3,422.16 1 1
github.com/tesserato/CodeWeaver/main.go:422.16,424.4 1 1
github.com/tesserato/CodeWeaver/main.go:426.3,426.33 1 1
github.com/tesserato/CodeWeaver/main.go:426.33,428.4 1 1
github.com/tesserato/CodeWeaver/main.go:429.3,432.21 3 1
github.com/tesserato/CodeWeaver/main.go:432.21,437.4 4 0
github.com/tesserato/CodeWeaver/main.go:439.3,444.13 6 1
github.com/tesserato/CodeWeaver/main.go:447.2,447.20 1 1
github.com/tesserato/CodeWeaver/main.go:447.20,449.3 1 0
github.com/tesserato/CodeWeaver/main.go:450.2,450.62 1 1
github.com/tesserato/CodeWeaver/main.go:455.98,456.41 1 1
github.com/tesserato/CodeWeaver/main.go:456.41,457.60 1 1
github.com/tesserato/CodeWeaver/main.go:457.60,459.4 1 1
github.com/tesserato/CodeWeaver/main.go:461.2,461.30 1 1
github.com/tesserato/CodeWeaver/main.go:461.30,463.43 2 1
github.com/tesserato/CodeWeaver/main.go:463.43,464.61 1 1
github.com/tesserato/CodeWeaver/main.go:464.61,466.10 2 1
github.com/tesserato/CodeWeaver/main.go:469.3,469.22 1 1
github.com/tesserato/CodeWeaver/main.go:469.22,471.4 1 1
github.com/tesserato/CodeWeaver/main.go:473.2,473.13 1 1
github.com/tesserato/CodeWeaver/main.go:478.120,481.16 3 1
github.com/tesserato/CodeWeaver/main.go:481.16,484.3 2 1
github.com/tesserato/CodeWeaver/main.go:485.2,487.33 2 1
github.com/tesserato/CodeWeaver/main.go:487.33,488.87 1 1
github.com/tesserato/CodeWeaver/main.go:488.87,490.4 1 0
github.com/tesserato/CodeWeaver/main.go:492.2,492.33 1 1
github.com/tesserato/CodeWeaver/main.go:492.33,493.87 1 1
github.com/tesserato/CodeWeaver/main.go:493.87,495.4 1 0
github.com/tesserato/CodeWeaver/main.go:498.2,498.24 1 1
github.com/tesserato/CodeWeaver/main.go:498.24,501.17 3 0
github.com/tesserato/CodeWeaver/main.go:501.17,503.4 1 0
github.com/tesserato/CodeWeaver/main.go:503.9,506.4 2 0
github.com/tesserato/CodeWeaver/main.go:508.2,508.12 1 1
github.com/tesserato/CodeWeaver/main.go:511.81,512.21 1 1
github.com/tesserato/CodeWeaver/main.go:512.21,515.3 2 1
github.com/tesserato/CodeWeaver/main.go:516.2,518.26 3 1
github.com/tesserato/CodeWeaver/main.go:518.26,521.3 2 1
github.com/tesserato/CodeWeaver/main.go:522.2,523.16 2 1
github.com/tesserato/CodeWeaver/main.go:523.16,525.3 1 1
github.com/tesserato/CodeWeaver/main.go:525.8,527.3 1 1
github.com/tesserato/CodeWeaver/main.go:528.2,528.12 1 1
github.com/tesserato/CodeWeaver/main.go:534.18,552.2 16 0
