mode: set
github.com/tesserato/CodeWeaver/main.go:32.13,34.16 2 0
github.com/tesserato/CodeWeaver/main.go:34.16,37.3 1 0
github.com/tesserato/CodeWeaver/main.go:39.2,39.21 1 0
github.com/tesserato/CodeWeaver/main.go:39.21,42.3 2 0
github.com/tesserato/CodeWeaver/main.go:44.2,44.18 1 0
github.com/tesserato/CodeWeaver/main.go:44.18,47.3 2 0
github.com/tesserato/CodeWeaver/main.go:49.2,54.33 5 0
github.com/tesserato/CodeWeaver/main.go:54.33,56.3 1 0
github.com/tesserato/CodeWeaver/main.go:57.2,57.33 1 0
github.com/tesserato/CodeWeaver/main.go:57.33,59.3 1 0
github.com/tesserato/CodeWeaver/main.go:60.2,60.24 1 0
github.com/tesserato/CodeWeaver/main.go:60.24,62.3 1 0
github.com/tesserato/CodeWeaver/main.go:63.2,66.16 3 0
github.com/tesserato/CodeWeaver/main.go:66.16,68.3 1 0
github.com/tesserato/CodeWeaver/main.go:69.2,70.16 2 0
github.com/tesserato/CodeWeaver/main.go:70.16,72.3 1 0
github.com/tesserato/CodeWeaver/main.go:73.2,84.16 7 0
github.com/tesserato/CodeWeaver/main.go:84.16,86.3 1 0
github.com/tesserato/CodeWeaver/main.go:87.2,94.16 6 0
github.com/tesserato/CodeWeaver/main.go:94.16,96.3 1 0
github.com/tesserato/CodeWeaver/main.go:97.2,101.16 3 0
github.com/tesserato/CodeWeaver/main.go:101.16,103.3 1 0
github.com/tesserato/CodeWeaver/main.go:104.2,107.33 2 0
github.com/tesserato/CodeWeaver/main.go:107.33,108.87 1 0
github.com/tesserato/CodeWeaver/main.go:108.87,110.4 1 0
github.com/tesserato/CodeWeaver/main.go:112.2,112.33 1 0
github.com/tesserato/CodeWeaver/main.go:112.33,113.87 1 0
github.com/tesserato/CodeWeaver/main.go:113.87,115.4 1 0
github.com/tesserato/CodeWeaver/main.go:119.2,119.24 1 0
github.com/tesserato/CodeWeaver/main.go:119.24,120.42 1 0
github.com/tesserato/CodeWeaver/main.go:120.42,122.4 1 0
github.com/tesserato/CodeWeaver/main.go:122.9,125.4 2 0
github.com/tesserato/CodeWeaver/main.go:142.36,157.37 13 0
github.com/tesserato/CodeWeaver/main.go:157.37,160.3 1 0
github.com/tesserato/CodeWeaver/main.go:162.2,164.16 3 0
github.com/tesserato/CodeWeaver/main.go:164.16,166.3 1 0
github.com/tesserato/CodeWeaver/main.go:169.2,170.16 2 0
github.com/tesserato/CodeWeaver/main.go:170.16,171.25 1 0
github.com/tesserato/CodeWeaver/main.go:171.25,173.4 1 0
github.com/tesserato/CodeWeaver/main.go:174.3,174.91 1 0
github.com/tesserato/CodeWeaver/main.go:176.2,176.19 1 0
github.com/tesserato/CodeWeaver/main.go:176.19,178.3 1 0
github.com/tesserato/CodeWeaver/main.go:180.2,180.22 1 0
github.com/tesserato/CodeWeaver/main.go:180.22,182.3 1 0
github.com/tesserato/CodeWeaver/main.go:183.2,183.23 1 0
github.com/tesserato/CodeWeaver/main.go:183.23,185.3 1 0
github.com/tesserato/CodeWeaver/main.go:187.2,187.17 1 0
github.com/tesserato/CodeWeaver/main.go:190.114,191.24 1 1
github.com/tesserato/CodeWeaver/main.go:191.24,193.3 1 1
github.com/tesserato/CodeWeaver/main.go:195.2,196.29 2 1
github.com/tesserato/CodeWeaver/main.go:196.29,198.27 2 1
github.com/tesserato/CodeWeaver/main.go:198.27,199.12 1 1
github.com/tesserato/CodeWeaver/main.go:201.3,203.17 3 1
github.com/tesserato/CodeWeaver/main.go:203.17,206.4 1 1
github.com/tesserato/CodeWeaver/main.go:207.3,207.51 1 1
github.com/tesserato/CodeWeaver/main.go:210.2,210.32 1 1
github.com/tesserato/CodeWeaver/main.go:210.32,212.3 1 0
github.com/tesserato/CodeWeaver/main.go:213.2,213.30 1 1
github.com/tesserato/CodeWeaver/main.go:218.98,220.41 1 1
github.com/tesserato/CodeWeaver/main.go:220.41,221.60 1 1
github.com/tesserato/CodeWeaver/main.go:221.60,223.4 1 1
github.com/tesserato/CodeWeaver/main.go:227.2,227.30 1 1
github.com/tesserato/CodeWeaver/main.go:227.30,229.43 2 1
github.com/tesserato/CodeWeaver/main.go:229.43,230.61 1 1
github.com/tesserato/CodeWeaver/main.go:230.61,232.10 2 1
github.com/tesserato/CodeWeaver/main.go:235.3,235.22 1 1
github.com/tesserato/CodeWeaver/main.go:235.22,237.4 1 1
github.com/tesserato/CodeWeaver/main.go:240.2,240.13 1 1
github.com/tesserato/CodeWeaver/main.go:251.104,258.2 1 1
github.com/tesserato/CodeWeaver/main.go:260.58,263.2 2 1
github.com/tesserato/CodeWeaver/main.go:265.83,267.16 2 1
github.com/tesserato/CodeWeaver/main.go:267.16,269.3 1 1
github.com/tesserato/CodeWeaver/main.go:271.2,272.32 2 1
github.com/tesserato/CodeWeaver/main.go:272.32,275.17 3 1
github.com/tesserato/CodeWeaver/main.go:275.17,277.4 1 0
github.com/tesserato/CodeWeaver/main.go:278.3,280.75 2 1
github.com/tesserato/CodeWeaver/main.go:280.75,282.4 1 1
github.com/tesserato/CodeWeaver/main.go:286.2,286.50 1 1
github.com/tesserato/CodeWeaver/main.go:286.50,288.3 1 1
github.com/tesserato/CodeWeaver/main.go:290.2,290.40 1 1
github.com/tesserato/CodeWeaver/main.go:290.40,294.20 3 1
github.com/tesserato/CodeWeaver/main.go:294.20,297.18 3 1
github.com/tesserato/CodeWeaver/main.go:297.18,299.5 1 0
github.com/tesserato/CodeWeaver/main.go:302.2,302.12 1 1
github.com/tesserato/CodeWeaver/main.go:305.78,307.29 2 1
github.com/tesserato/CodeWeaver/main.go:307.29,308.22 1 1
github.com/tesserato/CodeWeaver/main.go:308.22,310.4 1 1
github.com/tesserato/CodeWeaver/main.go:310.9,312.4 1 1
github.com/tesserato/CodeWeaver/main.go:315.2,315.12 1 1
github.com/tesserato/CodeWeaver/main.go:315.12,317.3 1 1
github.com/tesserato/CodeWeaver/main.go:317.8,319.3 1 1
github.com/tesserato/CodeWeaver/main.go:321.2,323.29 3 1
github.com/tesserato/CodeWeaver/main.go:336.177,345.2 1 1
github.com/tesserato/CodeWeaver/main.go:347.84,352.103 4 1
github.com/tesserato/CodeWeaver/main.go:352.103,353.17 1 1
github.com/tesserato/CodeWeaver/main.go:353.17,361.4 2 1
github.com/tesserato/CodeWeaver/main.go:363.3,364.20 2 1
github.com/tesserato/CodeWeaver/main.go:364.20,368.4 2 0
github.com/tesserato/CodeWeaver/main.go:369.3,373.28 2 1
github.com/tesserato/CodeWeaver/main.go:373.28,375.4 1 1
github.com/tesserato/CodeWeaver/main.go:377.3,377.76 1 1
github.com/tesserato/CodeWeaver/main.go:377.76,378.34 1 1
github.com/tesserato/CodeWeaver/main.go:378.34,380.5 1 1
github.com/tesserato/CodeWeaver/main.go:381.4,382.17 2 1
github.com/tesserato/CodeWeaver/main.go:382.17,384.5 1 1
github.com/tesserato/CodeWeaver/main.go:385.4,385.14 1 1
github.com/tesserato/CodeWeaver/main.go:389.3,389.17 1 1
github.com/tesserato/CodeWeaver/main.go:389.17,390.34 1 1
github.com/tesserato/CodeWeaver/main.go:390.34,392.5 1 1
github.com/tesserato/CodeWeaver/main.go:393.4,396.22 3 1
github.com/tesserato/CodeWeaver/main.go:396.22,402.5 4 0
github.com/tesserato/CodeWeaver/main.go:404.4,408.36 5 1
github.com/tesserato/CodeWeaver/main.go:410.3,410.13 1 1
github.com/tesserato/CodeWeaver/main.go:413.2,413.16 1 1
github.com/tesserato/CodeWeaver/main.go:413.16,415.3 1 1
github.com/tesserato/CodeWeaver/main.go:416.2,416.60 1 1
github.com/tesserato/CodeWeaver/main.go:419.81,420.21 1 1
github.com/tesserato/CodeWeaver/main.go:420.21,425.3 1 1
github.com/tesserato/CodeWeaver/main.go:427.2,428.26 2 1
github.com/tesserato/CodeWeaver/main.go:428.26,431.3 2 1
github.com/tesserato/CodeWeaver/main.go:433.2,434.16 2 1
github.com/tesserato/CodeWeaver/main.go:434.16,436.3 1 1
github.com/tesserato/CodeWeaver/main.go:437.2,437.12 1 1
github.com/tesserato/CodeWeaver/main.go:440.18,455.2 14 1
