mode: set
github.com/tesserato/CodeWeaver/main.go:62.13,65.16 2 0
github.com/tesserato/CodeWeaver/main.go:65.16,67.35 1 0
github.com/tesserato/CodeWeaver/main.go:67.35,71.4 1 0
github.com/tesserato/CodeWeaver/main.go:73.3,73.71 1 0
github.com/tesserato/CodeWeaver/main.go:77.2,77.21 1 0
github.com/tesserato/CodeWeaver/main.go:77.21,80.3 2 0
github.com/tesserato/CodeWeaver/main.go:84.2,88.16 3 0
github.com/tesserato/CodeWeaver/main.go:88.16,90.3 1 0
github.com/tesserato/CodeWeaver/main.go:93.2,94.16 2 0
github.com/tesserato/CodeWeaver/main.go:94.16,96.3 1 0
github.com/tesserato/CodeWeaver/main.go:99.2,100.16 2 0
github.com/tesserato/CodeWeaver/main.go:100.16,103.3 1 0
github.com/tesserato/CodeWeaver/main.go:105.2,105.80 1 0
github.com/tesserato/CodeWeaver/main.go:129.36,150.16 15 0
github.com/tesserato/CodeWeaver/main.go:150.16,154.3 1 0
github.com/tesserato/CodeWeaver/main.go:157.2,157.18 1 0
github.com/tesserato/CodeWeaver/main.go:157.18,161.3 2 0
github.com/tesserato/CodeWeaver/main.go:164.2,164.21 1 0
github.com/tesserato/CodeWeaver/main.go:164.21,166.3 1 0
github.com/tesserato/CodeWeaver/main.go:171.2,172.16 2 0
github.com/tesserato/CodeWeaver/main.go:172.16,174.3 1 0
github.com/tesserato/CodeWeaver/main.go:177.2,178.16 2 0
github.com/tesserato/CodeWeaver/main.go:178.16,179.25 1 0
github.com/tesserato/CodeWeaver/main.go:179.25,181.4 1 0
github.com/tesserato/CodeWeaver/main.go:182.3,182.91 1 0
github.com/tesserato/CodeWeaver/main.go:184.2,184.19 1 0
github.com/tesserato/CodeWeaver/main.go:184.19,186.3 1 0
github.com/tesserato/CodeWeaver/main.go:189.2,189.22 1 0
github.com/tesserato/CodeWeaver/main.go:189.22,191.3 1 0
github.com/tesserato/CodeWeaver/main.go:192.2,192.23 1 0
github.com/tesserato/CodeWeaver/main.go:192.23,194.3 1 0
github.com/tesserato/CodeWeaver/main.go:196.2,196.17 1 0
github.com/tesserato/CodeWeaver/main.go:200.44,205.33 5 0
github.com/tesserato/CodeWeaver/main.go:205.33,207.3 1 0
github.com/tesserato/CodeWeaver/main.go:208.2,208.33 1 0
github.com/tesserato/CodeWeaver/main.go:208.33,210.3 1 0
github.com/tesserato/CodeWeaver/main.go:211.2,211.24 1 0
github.com/tesserato/CodeWeaver/main.go:211.24,213.3 1 0
github.com/tesserato/CodeWeaver/main.go:214.2,215.15 2 0
github.com/tesserato/CodeWeaver/main.go:219.118,222.16 3 1
github.com/tesserato/CodeWeaver/main.go:222.16,224.3 1 1
github.com/tesserato/CodeWeaver/main.go:226.2,228.16 3 1
github.com/tesserato/CodeWeaver/main.go:228.16,230.3 1 1
github.com/tesserato/CodeWeaver/main.go:231.2,232.29 2 1
github.com/tesserato/CodeWeaver/main.go:236.110,237.24 1 1
github.com/tesserato/CodeWeaver/main.go:237.24,240.3 2 1
github.com/tesserato/CodeWeaver/main.go:241.2,243.29 3 1
github.com/tesserato/CodeWeaver/main.go:243.29,245.27 2 1
github.com/tesserato/CodeWeaver/main.go:245.27,246.12 1 0
github.com/tesserato/CodeWeaver/main.go:248.3,250.17 3 1
github.com/tesserato/CodeWeaver/main.go:250.17,253.4 1 1
github.com/tesserato/CodeWeaver/main.go:254.3,255.20 2 1
github.com/tesserato/CodeWeaver/main.go:257.2,257.17 1 1
github.com/tesserato/CodeWeaver/main.go:257.17,260.3 2 0
github.com/tesserato/CodeWeaver/main.go:261.2,261.30 1 1
github.com/tesserato/CodeWeaver/main.go:267.142,278.16 7 1
github.com/tesserato/CodeWeaver/main.go:278.16,280.3 1 0
github.com/tesserato/CodeWeaver/main.go:281.2,289.16 7 1
github.com/tesserato/CodeWeaver/main.go:289.16,291.3 1 0
github.com/tesserato/CodeWeaver/main.go:292.2,295.68 3 1
github.com/tesserato/CodeWeaver/main.go:310.104,317.2 1 1
github.com/tesserato/CodeWeaver/main.go:320.58,323.2 2 1
github.com/tesserato/CodeWeaver/main.go:326.83,328.16 2 1
github.com/tesserato/CodeWeaver/main.go:328.16,331.3 1 0
github.com/tesserato/CodeWeaver/main.go:334.2,335.32 2 1
github.com/tesserato/CodeWeaver/main.go:335.32,338.17 3 1
github.com/tesserato/CodeWeaver/main.go:338.17,340.4 1 0
github.com/tesserato/CodeWeaver/main.go:342.3,342.75 1 1
github.com/tesserato/CodeWeaver/main.go:342.75,344.4 1 1
github.com/tesserato/CodeWeaver/main.go:348.2,348.50 1 1
github.com/tesserato/CodeWeaver/main.go:348.50,354.3 1 1
github.com/tesserato/CodeWeaver/main.go:357.2,357.40 1 1
github.com/tesserato/CodeWeaver/main.go:357.40,361.20 3 1
github.com/tesserato/CodeWeaver/main.go:361.20,366.18 3 1
github.com/tesserato/CodeWeaver/main.go:366.18,369.5 1 0
github.com/tesserato/CodeWeaver/main.go:377.2,377.12 1 1
github.com/tesserato/CodeWeaver/main.go:381.82,383.29 2 1
github.com/tesserato/CodeWeaver/main.go:383.29,384.22 1 1
github.com/tesserato/CodeWeaver/main.go:384.22,386.4 1 1
github.com/tesserato/CodeWeaver/main.go:386.9,388.4 1 1
github.com/tesserato/CodeWeaver/main.go:391.2,391.12 1 1
github.com/tesserato/CodeWeaver/main.go:391.12,393.3 1 1
github.com/tesserato/CodeWeaver/main.go:393.8,395.3 1 1
github.com/tesserato/CodeWeaver/main.go:397.2,399.29 3 1
github.com/tesserato/CodeWeaver/main.go:403.73,405.16 2 1
github.com/tesserato/CodeWeaver/main.go:405.16,408.3 1 0
github.com/tesserato/CodeWeaver/main.go:410.2,410.46 1 1
github.com/tesserato/CodeWeaver/main.go:428.105,437.2 1 1
github.com/tesserato/CodeWeaver/main.go:441.124,444.111 2 1
github.com/tesserato/CodeWeaver/main.go:444.111,446.21 1 1
github.com/tesserato/CodeWeaver/main.go:446.21,449.69 2 0
github.com/tesserato/CodeWeaver/main.go:449.69,451.5 1 0
github.com/tesserato/CodeWeaver/main.go:453.4,453.18 1 0
github.com/tesserato/CodeWeaver/main.go:458.3,459.20 2 1
github.com/tesserato/CodeWeaver/main.go:459.20,463.4 2 0
github.com/tesserato/CodeWeaver/main.go:464.3,467.28 2 1
github.com/tesserato/CodeWeaver/main.go:467.28,469.4 1 1
github.com/tesserato/CodeWeaver/main.go:472.3,474.15 2 1
github.com/tesserato/CodeWeaver/main.go:474.15,476.34 1 1
github.com/tesserato/CodeWeaver/main.go:476.34,478.5 1 1
github.com/tesserato/CodeWeaver/main.go:479.4,481.14 2 1
github.com/tesserato/CodeWeaver/main.go:485.3,485.16 1 1
github.com/tesserato/CodeWeaver/main.go:485.16,489.4 1 1
github.com/tesserato/CodeWeaver/main.go:492.3,492.33 1 1
github.com/tesserato/CodeWeaver/main.go:492.33,494.4 1 1
github.com/tesserato/CodeWeaver/main.go:495.3,499.21 3 1
github.com/tesserato/CodeWeaver/main.go:499.21,505.4 4 0
github.com/tesserato/CodeWeaver/main.go:508.3,514.13 6 1
github.com/tesserato/CodeWeaver/main.go:517.2,517.20 1 1
github.com/tesserato/CodeWeaver/main.go:517.20,520.3 1 0
github.com/tesserato/CodeWeaver/main.go:522.2,522.62 1 1
github.com/tesserato/CodeWeaver/main.go:529.98,531.41 1 1
github.com/tesserato/CodeWeaver/main.go:531.41,532.60 1 1
github.com/tesserato/CodeWeaver/main.go:532.60,534.4 1 1
github.com/tesserato/CodeWeaver/main.go:538.2,538.30 1 1
github.com/tesserato/CodeWeaver/main.go:538.30,540.43 2 1
github.com/tesserato/CodeWeaver/main.go:540.43,541.61 1 1
github.com/tesserato/CodeWeaver/main.go:541.61,543.10 2 1
github.com/tesserato/CodeWeaver/main.go:546.3,546.22 1 1
github.com/tesserato/CodeWeaver/main.go:546.22,548.4 1 1
github.com/tesserato/CodeWeaver/main.go:555.2,555.13 1 1
github.com/tesserato/CodeWeaver/main.go:561.120,565.16 3 1
github.com/tesserato/CodeWeaver/main.go:565.16,569.3 2 1
github.com/tesserato/CodeWeaver/main.go:570.2,573.33 2 1
github.com/tesserato/CodeWeaver/main.go:573.33,574.87 1 1
github.com/tesserato/CodeWeaver/main.go:574.87,577.4 1 0
github.com/tesserato/CodeWeaver/main.go:581.2,581.33 1 1
github.com/tesserato/CodeWeaver/main.go:581.33,582.87 1 1
github.com/tesserato/CodeWeaver/main.go:582.87,585.4 1 0
github.com/tesserato/CodeWeaver/main.go:589.2,589.24 1 1
github.com/tesserato/CodeWeaver/main.go:589.24,593.17 3 0
github.com/tesserato/CodeWeaver/main.go:593.17,595.4 1 0
github.com/tesserato/CodeWeaver/main.go:595.9,598.4 2 0
github.com/tesserato/CodeWeaver/main.go:600.2,600.12 1 1
github.com/tesserato/CodeWeaver/main.go:604.81,605.21 1 1
github.com/tesserato/CodeWeaver/main.go:605.21,610.3 2 1
github.com/tesserato/CodeWeaver/main.go:613.2,616.26 3 1
github.com/tesserato/CodeWeaver/main.go:616.26,619.3 2 1
github.com/tesserato/CodeWeaver/main.go:621.2,622.16 2 1
github.com/tesserato/CodeWeaver/main.go:622.16,624.3 1 1
github.com/tesserato/CodeWeaver/main.go:624.8,627.3 1 1
github.com/tesserato/CodeWeaver/main.go:628.2,628.12 1 1
github.com/tesserato/CodeWeaver/main.go:634.18,656.2 19 1
